<?xml version="1.0" encoding="UTF-8"?>
<!-- Generated by org.testng.reporters.JUnitXMLReporter -->
<testsuite hostname="LAPTOP-B96H66BF" ignored="0" name="Default test" tests="5" failures="0" timestamp="23 Jun 2019 16:09:11 GMT" time="144.075" errors="0">
  <testcase name="loginOrangeHRM" time="8.383" classname="com.class_12.OrangeHRM"/>
  <testcase name="searchFlight" time="8.016" classname="com.class_12.FlightSearch"/>
  <testcase name="brokenLinksVerification" time="6.778" classname="com.class_12.BrokenLinksDemo"/>
  <testcase name="brokenLinksVerification" time="86.5" classname="com.class_12.BrokenLinksExersize"/>
  <testcase name="readFile" time="6.199" classname="com.class_12.ReadingPropertyFile"/>
</testsuite> <!-- Default test -->
